-Xajruntimetarget:1.5
-1.8
-encoding
UTF-8
-outxml
-showWeaveInfo
-source
1.8
-target
1.8
-verbose
-classpath
/Users/monali/eclipse-workspace/DiningPhil_GlobalLock/JPF_VISUAL/target/jpf-visual-0.0.2-SNAPSHOT.jar:/Users/monali/.m2/repository/com/jcabi/jcabi-aspects/0.22.6/jcabi-aspects-0.22.6.jar:/Users/monali/.m2/repository/org/aspectj/aspectjrt/1.8.4/aspectjrt-1.8.4.jar:/Users/monali/.m2/repository/junit/junit/3.8.1/junit-3.8.1.jar:/Users/monali/.m2/repository/jgraphx/graphixfile/1.0/graphixfile-1.0.jar:/Users/monali/.m2/repository/com/jcabi/jcabi-log/0.17/jcabi-log-0.17.jar:/Users/monali/.m2/repository/javax/validation/validation-api/1.1.0.Final/validation-api-1.1.0.Final.jar:/Users/monali/eclipse-workspace/DiningPhil_GlobalLock/DeadLock/target/classes
-Xjoinpoints:synchronization
-aspectpath
/Users/monali/.m2/repository/com/jcabi/jcabi-aspects/0.22.6/jcabi-aspects-0.22.6.jar
-d
/Users/monali/eclipse-workspace/DiningPhil_GlobalLock/DeadLock/target/classes
/Users/monali/eclipse-workspace/DiningPhil_GlobalLock/DeadLock/src/main/java/se/kth/helloworld/App.java
/Users/monali/eclipse-workspace/DiningPhil_GlobalLock/DeadLock/src/main/aspect/se/kth/helloworld/aspect/HelloAspect.aj
/Users/monali/eclipse-workspace/DiningPhil_GlobalLock/DeadLock/src/main/aspect/se/kth/helloworld/aspect/RuntimeData.java
