-Xajruntimetarget:1.5
-1.8
-encoding
UTF-8
-outxml
-showWeaveInfo
-source
1.8
-target
1.8
-verbose
-classpath
/home/monali/.m2/repository/com/jcabi/jcabi-aspects/0.22.6/jcabi-aspects-0.22.6.jar:/home/monali/.m2/repository/org/aspectj/aspectjrt/1.8.4/aspectjrt-1.8.4.jar:/home/monali/.m2/repository/com/jcabi/jcabi-log/0.17/jcabi-log-0.17.jar:/home/monali/.m2/repository/org/slf4j/slf4j-api/1.7.5/slf4j-api-1.7.5.jar:/home/monali/.m2/repository/javax/validation/validation-api/1.1.0.Final/validation-api-1.1.0.Final.jar:/home/monali/eclipse-workspace/maven_program/target/classes
-aspectpath
/home/monali/.m2/repository/com/jcabi/jcabi-aspects/0.22.6/jcabi-aspects-0.22.6.jar
-d
/home/monali/eclipse-workspace/maven_program/target/classes
/home/monali/eclipse-workspace/maven_program/src/main/java/se/kth/maven/quickstart/MyRunnable.java
/home/monali/eclipse-workspace/maven_program/src/main/java/se/kth/maven/quickstart/App.java
/home/monali/eclipse-workspace/maven_program/src/main/aspect/se/kth/maven/quickstart/AppAspect.aj
